<?xml version="1.0" encoding="UTF-8"?>
<testng-results ignored="0" total="1" passed="1" failed="0" skipped="0">
  <reporter-output>
  </reporter-output>
  <suite started-at="2023-11-19T13:06:27 CST" name="Default suite" finished-at="2023-11-19T13:06:44 CST" duration-ms="17119">
    <groups>
      <group name="cucumber">
        <method signature="AbstractTestNGCucumberTests.feature(cucumber.api.testng.CucumberFeatureWrapper)[pri:0, instance:TestRunner.TestRunnerClass@6f01b95f]" name="feature" class="cucumber.api.testng.AbstractTestNGCucumberTests"/>
      </group> <!-- cucumber -->
    </groups>
    <test started-at="2023-11-19T13:06:27 CST" name="Default test" finished-at="2023-11-19T13:06:44 CST" duration-ms="17119">
      <class name="TestRunner.TestRunnerClass">
        <test-method is-config="true" signature="StartURL()[pri:0, instance:TestRunner.TestRunnerClass@6f01b95f]" started-at="2023-11-19T13:06:27 CST" name="StartURL" finished-at="2023-11-19T13:06:30 CST" duration-ms="3531" status="PASS">
          <reporter-output>
          </reporter-output>
        </test-method> <!-- StartURL -->
        <test-method is-config="true" signature="setUpClass()[pri:0, instance:TestRunner.TestRunnerClass@6f01b95f]" started-at="2023-11-19T13:06:30 CST" name="setUpClass" finished-at="2023-11-19T13:06:31 CST" duration-ms="256" status="PASS">
          <reporter-output>
          </reporter-output>
        </test-method> <!-- setUpClass -->
        <test-method signature="feature(cucumber.api.testng.CucumberFeatureWrapper)[pri:0, instance:TestRunner.TestRunnerClass@6f01b95f]" started-at="2023-11-19T13:06:31 CST" name="feature" description="Runs Cucumber Feature" data-provider="features" finished-at="2023-11-19T13:06:44 CST" duration-ms="12755" status="PASS">
          <params>
            <param index="0">
              <value>
                <![CDATA[This is a test to verify Subscribe To Newsletter functionality]]>
              </value>
            </param>
          </params>
          <reporter-output>
          </reporter-output>
        </test-method> <!-- feature -->
        <test-method is-config="true" signature="tearDownClass()[pri:0, instance:TestRunner.TestRunnerClass@6f01b95f]" started-at="2023-11-19T13:06:44 CST" name="tearDownClass" finished-at="2023-11-19T13:06:44 CST" duration-ms="12" status="PASS">
          <reporter-output>
          </reporter-output>
        </test-method> <!-- tearDownClass -->
        <test-method is-config="true" signature="CloseURL()[pri:0, instance:TestRunner.TestRunnerClass@6f01b95f]" started-at="2023-11-19T13:06:44 CST" name="CloseURL" finished-at="2023-11-19T13:06:44 CST" duration-ms="346" status="PASS">
          <reporter-output>
          </reporter-output>
        </test-method> <!-- CloseURL -->
      </class> <!-- TestRunner.TestRunnerClass -->
    </test> <!-- Default test -->
  </suite> <!-- Default suite -->
</testng-results>
